c:\all_projects\proj\visualstudiaproj\final-project\final-project\x64\debug\vc143.pdb
c:\all_projects\proj\visualstudiaproj\final-project\final-project\x64\debug\vc143.idb
c:\all_projects\proj\visualstudiaproj\final-project\final-project\x64\debug\userstorage.obj
c:\all_projects\proj\visualstudiaproj\final-project\final-project\x64\debug\main.obj
c:\all_projects\proj\visualstudiaproj\final-project\x64\debug\final-project.exe
c:\all_projects\proj\visualstudiaproj\final-project\x64\debug\final-project.pdb
c:\all_projects\proj\visualstudiaproj\final-project\final-project\x64\debug\final-project.ilk
c:\users\root\desktop\homework\final-project-main\final-project\x64\debug\main.obj
c:\users\root\desktop\homework\final-project-main\final-project\x64\debug\userstorage.obj
c:\users\root\desktop\homework\final-project-main\final-project\x64\debug\final-project.ilk
c:\users\root\desktop\homework\final-project-main\final-project\x64\debug\vc143.idb
c:\users\root\desktop\homework\final-project-main\final-project\x64\debug\vc143.pdb
c:\users\root\desktop\homework\final-project-main\x64\debug\final-project.pdb
c:\users\root\desktop\homework\final-project-main\x64\debug\final-project.exe
c:\users\root\desktop\homework\final-project-main\final-project\x64\debug\final-project.tlog\cl.command.1.tlog
c:\users\root\desktop\homework\final-project-main\final-project\x64\debug\final-project.tlog\cl.items.tlog
c:\users\root\desktop\homework\final-project-main\final-project\x64\debug\final-project.tlog\cl.read.1.tlog
c:\users\root\desktop\homework\final-project-main\final-project\x64\debug\final-project.tlog\cl.write.1.tlog
c:\users\root\desktop\homework\final-project-main\final-project\x64\debug\final-project.tlog\link.command.1.tlog
c:\users\root\desktop\homework\final-project-main\final-project\x64\debug\final-project.tlog\link.read.1.tlog
c:\users\root\desktop\homework\final-project-main\final-project\x64\debug\final-project.tlog\link.secondary.1.tlog
c:\users\root\desktop\homework\final-project-main\final-project\x64\debug\final-project.tlog\link.write.1.tlog
